Using pre-set license
Built from '6000.1/staging' branch; Version is '6000.1.1f1 (7197418f847b) revision 7444289'; Using compiler version '194234433'; Build Type 'Release'
OS: 'Windows 11  (10.0.22000) 64bit Core' Language: 'en' Physical Memory: 65211 MB
BatchMode: 1, IsHumanControllingUs: 0, StartBugReporterOnCrash: 0, Is64bit: 1, IsPro: 1
Date: 2025-05-05T07:23:51Z

COMMAND LINE ARGUMENTS:
D:\Games\Unity\6000.1.1f1\Editor\Unity.exe
-adb2
-batchMode
-noUpm
-name
AssetImportWorker9
-projectPath
D:/Games/Unity/Projects/FlankFire
-logFile
Logs/AssetImportWorker9.log
-srvPort
53198
-job-worker-count
9
-background-job-worker-count
8
-gc-helper-count
1
-name
AssetImport
Successfully changed project path to: D:/Games/Unity/Projects/FlankFire
D:/Games/Unity/Projects/FlankFire
[UnityMemory] Configuration Parameters - Can be set up in boot.config
    "memorysetup-allocator-temp-initial-block-size-main=262144"
    "memorysetup-allocator-temp-initial-block-size-worker=262144"
    "memorysetup-bucket-allocator-granularity=16"
    "memorysetup-bucket-allocator-bucket-count=8"
    "memorysetup-bucket-allocator-block-size=33554432"
    "memorysetup-bucket-allocator-block-count=8"
    "memorysetup-main-allocator-block-size=16777216"
    "memorysetup-thread-allocator-block-size=16777216"
    "memorysetup-gfx-main-allocator-block-size=16777216"
    "memorysetup-gfx-thread-allocator-block-size=16777216"
    "memorysetup-cache-allocator-block-size=4194304"
    "memorysetup-typetree-allocator-block-size=2097152"
    "memorysetup-profiler-bucket-allocator-granularity=16"
    "memorysetup-profiler-bucket-allocator-bucket-count=8"
    "memorysetup-profiler-bucket-allocator-block-size=33554432"
    "memorysetup-profiler-bucket-allocator-block-count=8"
    "memorysetup-profiler-allocator-block-size=16777216"
    "memorysetup-profiler-editor-allocator-block-size=1048576"
    "memorysetup-temp-allocator-size-main=16777216"
    "memorysetup-job-temp-allocator-block-size=2097152"
    "memorysetup-job-temp-allocator-block-size-background=1048576"
    "memorysetup-job-temp-allocator-reduction-small-platforms=262144"
    "memorysetup-temp-allocator-size-background-worker=32768"
    "memorysetup-temp-allocator-size-job-worker=262144"
    "memorysetup-temp-allocator-size-preload-manager=33554432"
    "memorysetup-temp-allocator-size-nav-mesh-worker=65536"
    "memorysetup-temp-allocator-size-audio-worker=65536"
    "memorysetup-temp-allocator-size-cloud-worker=32768"
    "memorysetup-temp-allocator-size-gi-baking-worker=262144"
    "memorysetup-temp-allocator-size-gi-baking-worker=262144"
    "memorysetup-temp-allocator-size-gi-baking-worker=262144"
    "memorysetup-temp-allocator-size-gi-baking-worker=262144"
    "memorysetup-temp-allocator-size-gi-baking-worker=262144"
    "memorysetup-temp-allocator-size-gfx=262144"
Player connection [32572]  Target information:

Player connection [32572]  * "[IP] 192.168.1.2 [Port] 0 [Flags] 2 [Guid] 2981245165 [EditorId] 2981245165 [Version] 1048832 [Id] WindowsEditor(7,DESKTOP-P3FDRKO) [Debug] 1 [PackageName] WindowsEditor [ProjectName] Editor" 

Player connection [32572]  * "[IP] 10.5.0.2 [Port] 0 [Flags] 2 [Guid] 2981245165 [EditorId] 2981245165 [Version] 1048832 [Id] WindowsEditor(7,DESKTOP-P3FDRKO) [Debug] 1 [PackageName] WindowsEditor [ProjectName] Editor" 

Player connection [32572] Host joined multi-casting on [225.0.0.222:54997]...
Player connection [32572] Host joined alternative multi-casting on [225.0.0.222:34997]...
JobSystem: Creating JobQueue using job-worker-count value 9
Input System module state changed to: Initialized.
[Physics::Module] Initialized fallback backend.
[Physics::Module] Id: 0xdecafbad
Library Redirect Path: Library/
[Physics::Module] Selected backend.
[Physics::Module] Name: PhysX
[Physics::Module] Id: 0xf2b8ea05
[Physics::Module] SDK Version: 4.1.2
[Physics::Module] Integration Version: 1.0.0
[Physics::Module] Threading Mode: Multi-Threaded
Refreshing native plugins compatible for Editor in 2.02 ms, found 3 plugins.
Preloading 0 native plugins for Editor in 0.00 ms.
Initialize engine version: 6000.1.1f1 (7197418f847b)
[Subsystems] Discovering subsystems at path D:/Games/Unity/6000.1.1f1/Editor/Data/Resources/UnitySubsystems
[Subsystems] Discovering subsystems at path D:/Games/Unity/Projects/FlankFire/Assets
GfxDevice: creating device client; kGfxThreadingModeNonThreaded
Direct3D:
    Version:         Direct3D 12 [level 12.1]
    Renderer:        NVIDIA GeForce GTX 1080 Ti (ID=0x1b06)
    Vendor:          NVIDIA
    VRAM:            11107 MB
    App VRAM Budget: 10339 MB
    Driver:          32.0.15.7216
Initialize mono
Mono path[0] = 'D:/Games/Unity/6000.1.1f1/Editor/Data/Managed'
Mono path[1] = 'D:/Games/Unity/6000.1.1f1/Editor/Data/MonoBleedingEdge/lib/mono/unityjit-win32'
Mono config path = 'D:/Games/Unity/6000.1.1f1/Editor/Data/MonoBleedingEdge/etc'
Using monoOptions --debugger-agent=transport=dt_socket,embedding=1,server=y,suspend=n,address=127.0.0.1:56432
Begin MonoManager ReloadAssembly
Registering precompiled unity dll's ...
Register platform support module: D:/Games/Unity/6000.1.1f1/Editor/Data/PlaybackEngines/WebGLSupport/UnityEditor.WebGL.Extensions.dll
Register platform support module: D:/Games/Unity/6000.1.1f1/Editor/Data/PlaybackEngines/WindowsStandaloneSupport/UnityEditor.WindowsStandalone.Extensions.dll
Registered in 0.001800 seconds.
- Loaded All Assemblies, in  0.500 seconds
Native extension for WindowsStandalone target not found
Native extension for WebGL target not found
Mono: successfully reloaded assembly
- Finished resetting the current domain, in  0.479 seconds
Domain Reload Profiling: 978ms
	BeginReloadAssembly (157ms)
		ExecutionOrderSort (0ms)
		DisableScriptedObjects (0ms)
		BackupInstance (0ms)
		ReleaseScriptingObjects (0ms)
		CreateAndSetChildDomain (1ms)
	RebuildCommonClasses (52ms)
	RebuildNativeTypeToScriptingClass (15ms)
	initialDomainReloadingComplete (53ms)
	LoadAllAssembliesAndSetupDomain (223ms)
		LoadAssemblies (156ms)
		RebuildTransferFunctionScriptingTraits (0ms)
		AnalyzeDomain (219ms)
			TypeCache.Refresh (215ms)
				TypeCache.ScanAssembly (196ms)
			BuildScriptInfoCaches (0ms)
			ResolveRequiredComponents (1ms)
	FinalizeReload (479ms)
		ReleaseScriptCaches (0ms)
		RebuildScriptCaches (0ms)
		SetupLoadedEditorAssemblies (424ms)
			LogAssemblyErrors (0ms)
			InitializePlatformSupportModulesInManaged (70ms)
			SetLoadedEditorAssemblies (5ms)
			BeforeProcessingInitializeOnLoad (109ms)
			ProcessInitializeOnLoadAttributes (141ms)
			ProcessInitializeOnLoadMethodAttributes (99ms)
			AfterProcessingInitializeOnLoad (0ms)
			EditorAssembliesLoaded (0ms)
		ExecutionOrderSort2 (0ms)
		AwakeInstancesAfterBackupRestoration (0ms)
========================================================================
Worker process is ready to serve import requests
Import Worker Mode flag is 0x00
Begin MonoManager ReloadAssembly
- Loaded All Assemblies, in  1.007 seconds
Refreshing native plugins compatible for Editor in 0.81 ms, found 3 plugins.
Native extension for WindowsStandalone target not found
Native extension for WebGL target not found
[MODES] ModeService[none].Initialize
[MODES] ModeService[none].LoadModes
[MODES] Loading mode Default (0) for mode-current-id-FlankFire
Mono: successfully reloaded assembly
- Finished resetting the current domain, in  0.954 seconds
Domain Reload Profiling: 1961ms
	BeginReloadAssembly (245ms)
		ExecutionOrderSort (0ms)
		DisableScriptedObjects (7ms)
		BackupInstance (0ms)
		ReleaseScriptingObjects (0ms)
		CreateAndSetChildDomain (59ms)
	RebuildCommonClasses (49ms)
	RebuildNativeTypeToScriptingClass (19ms)
	initialDomainReloadingComplete (42ms)
	LoadAllAssembliesAndSetupDomain (651ms)
		LoadAssemblies (394ms)
		RebuildTransferFunctionScriptingTraits (0ms)
		AnalyzeDomain (383ms)
			TypeCache.Refresh (283ms)
				TypeCache.ScanAssembly (263ms)
			BuildScriptInfoCaches (84ms)
			ResolveRequiredComponents (12ms)
	FinalizeReload (955ms)
		ReleaseScriptCaches (0ms)
		RebuildScriptCaches (0ms)
		SetupLoadedEditorAssemblies (728ms)
			LogAssemblyErrors (0ms)
			InitializePlatformSupportModulesInManaged (2ms)
			SetLoadedEditorAssemblies (7ms)
			BeforeProcessingInitializeOnLoad (143ms)
			ProcessInitializeOnLoadAttributes (456ms)
			ProcessInitializeOnLoadMethodAttributes (117ms)
			AfterProcessingInitializeOnLoad (2ms)
			EditorAssembliesLoaded (0ms)
		ExecutionOrderSort2 (0ms)
		AwakeInstancesAfterBackupRestoration (11ms)
Launched and connected shader compiler UnityShaderCompiler.exe after 0.01 seconds
Refreshing native plugins compatible for Editor in 0.81 ms, found 3 plugins.
Preloading 0 native plugins for Editor in 0.00 ms.
Unloading 222 Unused Serialized files (Serialized files now loaded: 0)
Unloading 6342 unused Assets / (4.1 MB). Loaded Objects now: 7058.
Memory consumption went from 177.1 MB to 173.0 MB.
Total: 14.702800 ms (FindLiveObjects: 1.065800 ms CreateObjectMapping: 1.544200 ms MarkObjects: 7.676000 ms  DeleteObjects: 4.415500 ms)

========================================================================
Received Import Request.
  Time since last request: 7442.693001 seconds.
  path: Assets/Bublik/Simple Modular Castle Assets/Prefabs/Stone_Gate.prefab
  artifactKey: Guid(e7e3ba30f5356444ea4aea90785bb480) Importer(815301076,1909f56bfc062723c751e8b465ee728b)
Start importing Assets/Bublik/Simple Modular Castle Assets/Prefabs/Stone_Gate.prefab using Guid(e7e3ba30f5356444ea4aea90785bb480) Importer(815301076,1909f56bfc062723c751e8b465ee728b) (PreviewImporter) -> (artifact id: '7c5b76f11e017c816ac0a7d6927433f3') in 1.7019165 seconds
Number of updated asset objects reloaded before import = 0Number of asset objects unloaded after import = 31

========================================================================
Received Import Request.
  Time since last request: 0.000070 seconds.
  path: Assets/Bublik/Simple Modular Castle Assets/Prefabs/Stone_Wall.prefab
  artifactKey: Guid(08a1c14a984751b4e992a4afa3974807) Importer(815301076,1909f56bfc062723c751e8b465ee728b)
Start importing Assets/Bublik/Simple Modular Castle Assets/Prefabs/Stone_Wall.prefab using Guid(08a1c14a984751b4e992a4afa3974807) Importer(815301076,1909f56bfc062723c751e8b465ee728b) (PreviewImporter) -> (artifact id: 'c0e2aa09976c381bc65c9df4e02fad6b') in 0.0360655 seconds
Number of updated asset objects reloaded before import = 0Number of asset objects unloaded after import = 26

========================================================================
Received Import Request.
  Time since last request: 4.247367 seconds.
  path: Assets/Bublik/Simple Modular Castle Assets/Meshes/Stone_Tower.fbx
  artifactKey: Guid(f672e3ae478b56e48b59e51d1d24bf23) Importer(815301076,1909f56bfc062723c751e8b465ee728b)
Start importing Assets/Bublik/Simple Modular Castle Assets/Meshes/Stone_Tower.fbx using Guid(f672e3ae478b56e48b59e51d1d24bf23) Importer(815301076,1909f56bfc062723c751e8b465ee728b) (PreviewImporter) -> (artifact id: 'b62340c382489c4674647ff55cfe3a6e') in 0.1352745 seconds
Number of updated asset objects reloaded before import = 0Number of asset objects unloaded after import = 16

========================================================================
Received Import Request.
  Time since last request: 0.000050 seconds.
  path: Assets/Bublik/Simple Modular Castle Assets/Meshes/Wooden_Gate.fbx
  artifactKey: Guid(0fd1d7c53da941a459aa56abaf2eb2e1) Importer(815301076,1909f56bfc062723c751e8b465ee728b)
Start importing Assets/Bublik/Simple Modular Castle Assets/Meshes/Wooden_Gate.fbx using Guid(0fd1d7c53da941a459aa56abaf2eb2e1) Importer(815301076,1909f56bfc062723c751e8b465ee728b) (PreviewImporter) -> (artifact id: 'e107079ecaa12de0e49fc5d85d05ab64') in 0.0729767 seconds
Number of updated asset objects reloaded before import = 0Number of asset objects unloaded after import = 28

========================================================================
Received Import Request.
  Time since last request: 0.000048 seconds.
  path: Assets/Bublik/Simple Modular Castle Assets/Meshes/Wooden_Tower.fbx
  artifactKey: Guid(e823ee5e62e210e49b095f8b38110542) Importer(815301076,1909f56bfc062723c751e8b465ee728b)
Start importing Assets/Bublik/Simple Modular Castle Assets/Meshes/Wooden_Tower.fbx using Guid(e823ee5e62e210e49b095f8b38110542) Importer(815301076,1909f56bfc062723c751e8b465ee728b) (PreviewImporter) -> (artifact id: '91a9eb1619dca70e27c910dfdfdb8dc6') in 0.0305111 seconds
Number of updated asset objects reloaded before import = 0Number of asset objects unloaded after import = 14

========================================================================
Received Import Request.
  Time since last request: 55.361253 seconds.
  path: Assets/AurynSky/Forest Pack/Models/ForestBlock02.fbx
  artifactKey: Guid(481b9e0107aab3041b49f72c38151e69) Importer(815301076,1909f56bfc062723c751e8b465ee728b)
Start importing Assets/AurynSky/Forest Pack/Models/ForestBlock02.fbx using Guid(481b9e0107aab3041b49f72c38151e69) Importer(815301076,1909f56bfc062723c751e8b465ee728b) (PreviewImporter) -> (artifact id: 'e0ac830b51ffd05d4dda1d3e202c4225') in 0.1345954 seconds
Number of updated asset objects reloaded before import = 0Number of asset objects unloaded after import = 8

========================================================================
Received Import Request.
  Time since last request: 0.000037 seconds.
  path: Assets/AurynSky/Forest Pack/Models/ForestCrate.fbx
  artifactKey: Guid(a1f37417ef7b6c14cbbc17f7295996c7) Importer(815301076,1909f56bfc062723c751e8b465ee728b)
Start importing Assets/AurynSky/Forest Pack/Models/ForestCrate.fbx using Guid(a1f37417ef7b6c14cbbc17f7295996c7) Importer(815301076,1909f56bfc062723c751e8b465ee728b) (PreviewImporter) -> (artifact id: '5c388ad409d43c4a34c48c253f4c8404') in 0.0761611 seconds
Number of updated asset objects reloaded before import = 0Number of asset objects unloaded after import = 8

========================================================================
Received Import Request.
  Time since last request: 0.000045 seconds.
  path: Assets/AurynSky/Forest Pack/Models/ForestFlag.fbx
  artifactKey: Guid(c2384f4f142bbcc4a95566c55927a024) Importer(815301076,1909f56bfc062723c751e8b465ee728b)
Start importing Assets/AurynSky/Forest Pack/Models/ForestFlag.fbx using Guid(c2384f4f142bbcc4a95566c55927a024) Importer(815301076,1909f56bfc062723c751e8b465ee728b) (PreviewImporter) -> (artifact id: '94816590973bb925cc75f33d92c3f1cf') in 0.0738616 seconds
Number of updated asset objects reloaded before import = 0Number of asset objects unloaded after import = 26

========================================================================
Received Import Request.
  Time since last request: 0.000027 seconds.
  path: Assets/AurynSky/Forest Pack/Models/ForestLadderExtra.fbx
  artifactKey: Guid(d3e0e0f50a8a0244682ed6295d472f6f) Importer(815301076,1909f56bfc062723c751e8b465ee728b)
Start importing Assets/AurynSky/Forest Pack/Models/ForestLadderExtra.fbx using Guid(d3e0e0f50a8a0244682ed6295d472f6f) Importer(815301076,1909f56bfc062723c751e8b465ee728b) (PreviewImporter) -> (artifact id: 'b53af6fc1a88ac80db8ac29462728223') in 0.039521 seconds
Number of updated asset objects reloaded before import = 0Number of asset objects unloaded after import = 8

========================================================================
Received Import Request.
  Time since last request: 0.000031 seconds.
  path: Assets/AurynSky/Forest Pack/Models/ForestCastleDoorR.fbx
  artifactKey: Guid(9093fea64d769c14686f81a998814598) Importer(815301076,1909f56bfc062723c751e8b465ee728b)
Start importing Assets/AurynSky/Forest Pack/Models/ForestCastleDoorR.fbx using Guid(9093fea64d769c14686f81a998814598) Importer(815301076,1909f56bfc062723c751e8b465ee728b) (PreviewImporter) -> (artifact id: 'c9c079245b0662965ffb24f26fb7106e') in 0.0434546 seconds
Number of updated asset objects reloaded before import = 0Number of asset objects unloaded after import = 8

========================================================================
Received Import Request.
  Time since last request: 0.000036 seconds.
  path: Assets/AurynSky/Forest Pack/Models/ForestTreePineShort.fbx
  artifactKey: Guid(54e159d3356cea14996fb2dc32d85269) Importer(815301076,1909f56bfc062723c751e8b465ee728b)
Start importing Assets/AurynSky/Forest Pack/Models/ForestTreePineShort.fbx using Guid(54e159d3356cea14996fb2dc32d85269) Importer(815301076,1909f56bfc062723c751e8b465ee728b) (PreviewImporter) -> (artifact id: '7a362ef9c78bb1d817cfc80d355cd0f4') in 0.0429001 seconds
Number of updated asset objects reloaded before import = 0Number of asset objects unloaded after import = 8

========================================================================
Received Import Request.
  Time since last request: 0.000038 seconds.
  path: Assets/AurynSky/Forest Pack/Models/ForestCatapultArm.fbx
  artifactKey: Guid(40ae94ff29e3cc14684b05ba0fd90f05) Importer(815301076,1909f56bfc062723c751e8b465ee728b)
Start importing Assets/AurynSky/Forest Pack/Models/ForestCatapultArm.fbx using Guid(40ae94ff29e3cc14684b05ba0fd90f05) Importer(815301076,1909f56bfc062723c751e8b465ee728b) (PreviewImporter) -> (artifact id: '8ffab5910f6d0bae6efb72afe9388686') in 0.0327158 seconds
Number of updated asset objects reloaded before import = 0Number of asset objects unloaded after import = 8

========================================================================
Received Import Request.
  Time since last request: 0.000029 seconds.
  path: Assets/AurynSky/Forest Pack/Models/ForestGrass01.fbx
  artifactKey: Guid(dc09b7fdd0db0bd499b52f8862b84c83) Importer(815301076,1909f56bfc062723c751e8b465ee728b)
Start importing Assets/AurynSky/Forest Pack/Models/ForestGrass01.fbx using Guid(dc09b7fdd0db0bd499b52f8862b84c83) Importer(815301076,1909f56bfc062723c751e8b465ee728b) (PreviewImporter) -> (artifact id: '3be7a7af75005171e5fbc3d3b1ad1d78') in 0.0326251 seconds
Number of updated asset objects reloaded before import = 0Number of asset objects unloaded after import = 8

========================================================================
Received Import Request.
  Time since last request: 21.319727 seconds.
  path: Assets/AurynSky/Forest Pack/Prefabs/ForestBridgeRegular.prefab
  artifactKey: Guid(38fa18ea33367784c891567389fdfb7a) Importer(815301076,1909f56bfc062723c751e8b465ee728b)
Start importing Assets/AurynSky/Forest Pack/Prefabs/ForestBridgeRegular.prefab using Guid(38fa18ea33367784c891567389fdfb7a) Importer(815301076,1909f56bfc062723c751e8b465ee728b) (PreviewImporter) -> (artifact id: '15f96cd3c2429f2af21c79ed3de79813') in 0.037399 seconds
Number of updated asset objects reloaded before import = 0Number of asset objects unloaded after import = 9

========================================================================
Received Import Request.
  Time since last request: 0.000037 seconds.
  path: Assets/AurynSky/Forest Pack/Prefabs/ForestGrass02.prefab
  artifactKey: Guid(4c9f6adf60a275840b716082e3482212) Importer(815301076,1909f56bfc062723c751e8b465ee728b)
Start importing Assets/AurynSky/Forest Pack/Prefabs/ForestGrass02.prefab using Guid(4c9f6adf60a275840b716082e3482212) Importer(815301076,1909f56bfc062723c751e8b465ee728b) (PreviewImporter) -> (artifact id: 'c720dbbd49a7da893d7de68fce6a18c9') in 0.0241725 seconds
Number of updated asset objects reloaded before import = 0Number of asset objects unloaded after import = 9

========================================================================
Received Import Request.
  Time since last request: 0.000043 seconds.
  path: Assets/AurynSky/Forest Pack/Prefabs/ForestTreeDTall.prefab
  artifactKey: Guid(eb322b3f7ad50984197dced1b53b11ee) Importer(815301076,1909f56bfc062723c751e8b465ee728b)
Start importing Assets/AurynSky/Forest Pack/Prefabs/ForestTreeDTall.prefab using Guid(eb322b3f7ad50984197dced1b53b11ee) Importer(815301076,1909f56bfc062723c751e8b465ee728b) (PreviewImporter) -> (artifact id: '96694d9efa9fca2b909b35854dd707da') in 0.0206658 seconds
Number of updated asset objects reloaded before import = 0Number of asset objects unloaded after import = 9

========================================================================
Received Import Request.
  Time since last request: 0.000050 seconds.
  path: Assets/AurynSky/Forest Pack/Prefabs/Smoke.prefab
  artifactKey: Guid(bc42e33df8ad9d14cba646735d12f85d) Importer(815301076,1909f56bfc062723c751e8b465ee728b)
Start importing Assets/AurynSky/Forest Pack/Prefabs/Smoke.prefab using Guid(bc42e33df8ad9d14cba646735d12f85d) Importer(815301076,1909f56bfc062723c751e8b465ee728b) (PreviewImporter) -> (artifact id: 'c170eaeaa7d2c8173fbf2caec2708266') in 0.0505996 seconds
Number of updated asset objects reloaded before import = 0Number of asset objects unloaded after import = 8

========================================================================
Received Import Request.
  Time since last request: 0.000031 seconds.
  path: Assets/AurynSky/Forest Pack/Prefabs/RiverQuadSolo.prefab
  artifactKey: Guid(358cf835a1cf6dc44be7c394778cb1ce) Importer(815301076,1909f56bfc062723c751e8b465ee728b)
Start importing Assets/AurynSky/Forest Pack/Prefabs/RiverQuadSolo.prefab using Guid(358cf835a1cf6dc44be7c394778cb1ce) Importer(815301076,1909f56bfc062723c751e8b465ee728b) (PreviewImporter) -> (artifact id: 'f978ea416cc5821c11dc785af126a757') in 0.0230209 seconds
Number of updated asset objects reloaded before import = 0Number of asset objects unloaded after import = 10

========================================================================
Received Import Request.
  Time since last request: 0.000031 seconds.
  path: Assets/AurynSky/Forest Pack/Prefabs/ForestTreeDShort.prefab
  artifactKey: Guid(018e38b65bc9fb048a9c4271cdad70c2) Importer(815301076,1909f56bfc062723c751e8b465ee728b)
Start importing Assets/AurynSky/Forest Pack/Prefabs/ForestTreeDShort.prefab using Guid(018e38b65bc9fb048a9c4271cdad70c2) Importer(815301076,1909f56bfc062723c751e8b465ee728b) (PreviewImporter) -> (artifact id: '57ee47dc2e6bde1cd5ffa863716fd6a8') in 0.0201102 seconds
Number of updated asset objects reloaded before import = 0Number of asset objects unloaded after import = 9

========================================================================
Received Import Request.
  Time since last request: 0.000039 seconds.
  path: Assets/AurynSky/Forest Pack/Prefabs/ForestTreePineTall2.prefab
  artifactKey: Guid(bb8b831afcc06c64f9df984b2ccb8642) Importer(815301076,1909f56bfc062723c751e8b465ee728b)
Start importing Assets/AurynSky/Forest Pack/Prefabs/ForestTreePineTall2.prefab using Guid(bb8b831afcc06c64f9df984b2ccb8642) Importer(815301076,1909f56bfc062723c751e8b465ee728b) (PreviewImporter) -> (artifact id: 'ef57375d9942ffb3e9ede1f98d77c5de') in 0.0262431 seconds
Number of updated asset objects reloaded before import = 0Number of asset objects unloaded after import = 9

========================================================================
Received Import Request.
  Time since last request: 6.632869 seconds.
  path: Assets/AurynSky/Forest Pack/Textures/Water.psd
  artifactKey: Guid(25315fb78afed0e4b9a0e1681097767f) Importer(815301076,1909f56bfc062723c751e8b465ee728b)
Start importing Assets/AurynSky/Forest Pack/Textures/Water.psd using Guid(25315fb78afed0e4b9a0e1681097767f) Importer(815301076,1909f56bfc062723c751e8b465ee728b) (PreviewImporter) -> (artifact id: '500014aee5f5fd45296d1035f584bd1d') in 0.0307948 seconds
Number of updated asset objects reloaded before import = 0Number of asset objects unloaded after import = 2

========================================================================
Received Import Request.
  Time since last request: 20.964223 seconds.
  path: Assets/AurynSky/Forest Pack/Prefabs/Prefabs_Blue/ForestCastleDoorR_Blue.prefab
  artifactKey: Guid(5032a611cb4fea140b303ed588caeb66) Importer(815301076,1909f56bfc062723c751e8b465ee728b)
Start importing Assets/AurynSky/Forest Pack/Prefabs/Prefabs_Blue/ForestCastleDoorR_Blue.prefab using Guid(5032a611cb4fea140b303ed588caeb66) Importer(815301076,1909f56bfc062723c751e8b465ee728b) (PreviewImporter) -> (artifact id: 'fa05102c0087cad0eff904b29fceccae') in 0.043469 seconds
Number of updated asset objects reloaded before import = 0Number of asset objects unloaded after import = 9

========================================================================
Received Import Request.
  Time since last request: 0.000038 seconds.
  path: Assets/AurynSky/Forest Pack/Prefabs/Prefabs_Blue/ForestFlag_Blue.prefab
  artifactKey: Guid(75836cac8af52414c85343289a17535e) Importer(815301076,1909f56bfc062723c751e8b465ee728b)
Start importing Assets/AurynSky/Forest Pack/Prefabs/Prefabs_Blue/ForestFlag_Blue.prefab using Guid(75836cac8af52414c85343289a17535e) Importer(815301076,1909f56bfc062723c751e8b465ee728b) (PreviewImporter) -> (artifact id: 'c2ca8ac9bc5b572287932ff7a91d9267') in 0.0283495 seconds
Number of updated asset objects reloaded before import = 0Number of asset objects unloaded after import = 30

========================================================================
Received Import Request.
  Time since last request: 2.270467 seconds.
  path: Assets/AurynSky/Forest Pack/Prefabs/Prefabs_Red/ForestCatapult_Red.prefab
  artifactKey: Guid(1c646272db9f13f40a1cc8d87b080552) Importer(815301076,1909f56bfc062723c751e8b465ee728b)
Start importing Assets/AurynSky/Forest Pack/Prefabs/Prefabs_Red/ForestCatapult_Red.prefab using Guid(1c646272db9f13f40a1cc8d87b080552) Importer(815301076,1909f56bfc062723c751e8b465ee728b) (PreviewImporter) -> (artifact id: '162efd95cd17517766d164cbdc5c51d7') in 0.0370614 seconds
Number of updated asset objects reloaded before import = 0Number of asset objects unloaded after import = 55

Editor requested this worker to shutdown with reason: Scaling down because of idle timeout
AssetImportWorker is now disconnected from the server
Process exiting
Exiting without the bug reporter. Application will terminate with return code 0